<?xml version="1.0" encoding="UTF-8"?>
<!-- Generated by org.testng.reporters.JUnitReportReporter -->
<testsuite skipped="0" hostname="DESKTOP-OUHLRUS" name="ReadPdfPackage.PDFReaderTest" tests="1" failures="0" timestamp="2020-04-26T20:58:53 IST" time="4.119" errors="0">
  <testcase name="ReadPdfTest" time="4.119" classname="ReadPdfPackage.PDFReaderTest"/>
  <system-out/>
</testsuite> <!-- ReadPdfPackage.PDFReaderTest -->
